<?xml version="1.0" encoding="UTF-8"?>
<testng-results ignored="0" total="1" passed="1" failed="0" skipped="0">
  <reporter-output>
  </reporter-output>
  <suite started-at="2021-12-13T23:57:21Z" name="Default suite" finished-at="2021-12-13T23:57:30Z" duration-ms="8980">
    <groups>
      <group name="cucumber">
        <method signature="AbstractTestNGCucumberTests.runScenario(io.cucumber.testng.PickleWrapper, io.cucumber.testng.FeatureWrapper)[pri:0, instance:com.myrunner.CucumberRunner@3e74829]" name="runScenario" class="io.cucumber.testng.AbstractTestNGCucumberTests"/>
      </group> <!-- cucumber -->
    </groups>
    <test started-at="2021-12-13T23:57:21Z" name="Default test" finished-at="2021-12-13T23:57:30Z" duration-ms="8980">
      <class name="com.myrunner.CucumberRunner">
        <test-method is-config="true" signature="setUpClass()[pri:0, instance:com.myrunner.CucumberRunner@3e74829]" started-at="2021-12-13T23:57:21Z" name="setUpClass" finished-at="2021-12-13T23:57:22Z" duration-ms="672" status="PASS">
          <reporter-output>
          </reporter-output>
        </test-method> <!-- setUpClass -->
        <test-method signature="runScenario(io.cucumber.testng.PickleWrapper, io.cucumber.testng.FeatureWrapper)[pri:0, instance:com.myrunner.CucumberRunner@3e74829]" started-at="2021-12-13T23:57:22Z" name="runScenario" description="Runs Cucumber Scenarios" data-provider="scenarios" finished-at="2021-12-13T23:57:30Z" duration-ms="8111" status="PASS">
          <params>
            <param index="0">
              <value>
                <![CDATA["Users able to open viewmyconsult webpage & verify the homepage title"]]>
              </value>
            </param>
            <param index="1">
              <value>
                <![CDATA["Optional[Users able to open viewmyconsult webpage]"]]>
              </value>
            </param>
          </params>
          <reporter-output>
          </reporter-output>
        </test-method> <!-- runScenario -->
        <test-method is-config="true" signature="tearDownClass()[pri:0, instance:com.myrunner.CucumberRunner@3e74829]" started-at="2021-12-13T23:57:30Z" name="tearDownClass" finished-at="2021-12-13T23:57:30Z" duration-ms="134" status="PASS">
          <reporter-output>
          </reporter-output>
        </test-method> <!-- tearDownClass -->
      </class> <!-- com.myrunner.CucumberRunner -->
    </test> <!-- Default test -->
  </suite> <!-- Default suite -->
</testng-results>
