<?xml version="1.0" encoding="UTF-8"?>
<testng-results ignored="0" total="1" passed="1" failed="0" skipped="0">
  <reporter-output>
  </reporter-output>
  <suite started-at="2021-12-13T23:55:09Z" name="Automation Test Suite" finished-at="2021-12-13T23:55:36Z" duration-ms="27421">
    <groups>
      <group name="cucumber">
        <method signature="AbstractTestNGCucumberTests.runScenario(io.cucumber.testng.PickleWrapper, io.cucumber.testng.FeatureWrapper)[pri:0, instance:com.myrunner.CucumberRunner@4135c3b]" name="runScenario" class="io.cucumber.testng.AbstractTestNGCucumberTests"/>
      </group> <!-- cucumber -->
    </groups>
    <test started-at="2021-12-13T23:55:09Z" name="Smoke test" finished-at="2021-12-13T23:55:36Z" duration-ms="27421">
      <class name="com.myrunner.CucumberRunner">
        <test-method is-config="true" signature="setUpClass()[pri:0, instance:com.myrunner.CucumberRunner@4135c3b]" started-at="2021-12-13T23:55:09Z" name="setUpClass" finished-at="2021-12-13T23:55:09Z" duration-ms="675" status="PASS">
          <reporter-output>
          </reporter-output>
        </test-method> <!-- setUpClass -->
        <test-method signature="runScenario(io.cucumber.testng.PickleWrapper, io.cucumber.testng.FeatureWrapper)[pri:0, instance:com.myrunner.CucumberRunner@4135c3b]" started-at="2021-12-13T23:55:09Z" name="runScenario" description="Runs Cucumber Scenarios" data-provider="scenarios" finished-at="2021-12-13T23:55:36Z" duration-ms="26505" status="PASS">
          <params>
            <param index="0">
              <value>
                <![CDATA["Users able to open viewmyconsult webpage & verify the homepage title"]]>
              </value>
            </param>
            <param index="1">
              <value>
                <![CDATA["Optional[Users able to open viewmyconsult webpage]"]]>
              </value>
            </param>
          </params>
          <reporter-output>
          </reporter-output>
        </test-method> <!-- runScenario -->
        <test-method is-config="true" signature="tearDownClass()[pri:0, instance:com.myrunner.CucumberRunner@4135c3b]" started-at="2021-12-13T23:55:36Z" name="tearDownClass" finished-at="2021-12-13T23:55:36Z" duration-ms="187" status="PASS">
          <reporter-output>
          </reporter-output>
        </test-method> <!-- tearDownClass -->
      </class> <!-- com.myrunner.CucumberRunner -->
    </test> <!-- Smoke test -->
  </suite> <!-- Automation Test Suite -->
</testng-results>
